<?xml version="1.0" encoding="UTF-8"?>
<testng-results ignored="0" total="1" passed="1" failed="0" skipped="0">
  <reporter-output>
    <line>
      <![CDATA[BMWTest Executed]]>
    </line>
  </reporter-output>
  <suite started-at="2025-06-21T13:43:43 IST" name="Surefire suite" finished-at="2025-06-21T13:43:54 IST" duration-ms="11205">
    <groups>
    </groups>
    <test started-at="2025-06-21T13:43:43 IST" name="Surefire test" finished-at="2025-06-21T13:43:54 IST" duration-ms="11205">
      <class name="cars.BMWTest">
        <test-method signature="launch()[pri:0, instance:cars.BMWTest@1e802ef9]" started-at="2025-06-21T13:43:43 IST" name="launch" finished-at="2025-06-21T13:43:54 IST" duration-ms="11100" status="PASS">
          <reporter-output>
            <line>
              <![CDATA[BMWTest Executed]]>
            </line>
          </reporter-output>
        </test-method> <!-- launch -->
      </class> <!-- cars.BMWTest -->
    </test> <!-- Surefire test -->
  </suite> <!-- Surefire suite -->
</testng-results>
