<?xml version="1.0" encoding="UTF-8"?>
<testng-results ignored="0" total="1" passed="1" failed="0" skipped="0">
  <reporter-output>
  </reporter-output>
  <suite started-at="2025-06-23T16:03:03 IST" name="Default suite" finished-at="2025-06-23T16:03:14 IST" duration-ms="10801">
    <groups>
    </groups>
    <test started-at="2025-06-23T16:03:03 IST" name="Default test" finished-at="2025-06-23T16:03:14 IST" duration-ms="10801">
      <class name="pratice.ToLearnExtentReport">
        <test-method signature="addScreenshot()[pri:0, instance:pratice.ToLearnExtentReport@2a4fb17b]" started-at="2025-06-23T16:03:03 IST" name="addScreenshot" finished-at="2025-06-23T16:03:14 IST" duration-ms="10735" status="PASS">
          <reporter-output>
          </reporter-output>
        </test-method> <!-- addScreenshot -->
      </class> <!-- pratice.ToLearnExtentReport -->
    </test> <!-- Default test -->
  </suite> <!-- Default suite -->
</testng-results>
